c:\users\impec\documents\github\immukf\x64\debug\vcpkg.applocal.log
c:\users\impec\documents\github\immukf\x64\debug\vc142.pdb
c:\users\impec\documents\github\immukf\x64\debug\vc142.idb
c:\users\impec\documents\github\immukf\x64\debug\utils.obj
c:\users\impec\documents\github\immukf\x64\debug\ukf_plot.obj
c:\users\impec\documents\github\immukf\x64\debug\ukf.obj
c:\users\impec\documents\github\immukf\x64\debug\state.obj
c:\users\impec\documents\github\immukf\x64\debug\env.obj
c:\users\impec\documents\github\immukf\x64\debug\merge.obj
c:\users\impec\documents\github\immukf\x64\debug\measurement.obj
c:\users\impec\documents\github\immukf\x64\debug\main.obj
c:\users\impec\documents\github\immukf\x64\debug\m3.obj
c:\users\impec\documents\github\immukf\x64\debug\m2.obj
c:\users\impec\documents\github\immukf\x64\debug\m1.obj
c:\users\impec\documents\github\immukf\x64\debug\m0.obj
c:\users\impec\documents\github\immukf\x64\debug\imm.obj
c:\users\impec\documents\github\immukf\x64\debug\armorfilter.exe
c:\users\impec\documents\github\immukf\x64\debug\armorfilter.ilk
c:\users\impec\documents\github\immukf\x64\debug\armorfilter.pdb
c:\users\impec\documents\github\immukf\x64\debug\armorfilter.tlog\armorfilter.write.1u.tlog
c:\users\impec\documents\github\immukf\x64\debug\armorfilter.tlog\cl.command.1.tlog
c:\users\impec\documents\github\immukf\x64\debug\armorfilter.tlog\cl.read.1.tlog
c:\users\impec\documents\github\immukf\x64\debug\armorfilter.tlog\cl.write.1.tlog
c:\users\impec\documents\github\immukf\x64\debug\armorfilter.tlog\link.command.1.tlog
c:\users\impec\documents\github\immukf\x64\debug\armorfilter.tlog\link.read.1.tlog
c:\users\impec\documents\github\immukf\x64\debug\armorfilter.tlog\link.write.1.tlog
